<?xml version="1.0" encoding="UTF-8"?>
<!-- Generated by org.testng.reporters.JUnitReportReporter -->
<testsuite hostname="PuRnEnDu" failures="0" tests="1" name="cont.CreatecontTest" time="0.004" errors="0" timestamp="30 Dec 2021 11:54:24 GMT" skipped="0">
  <testcase classname="cont.CreatecontTest" name="createcont" time="0.004"/>
</testsuite> <!-- cont.CreatecontTest -->
