<?xml version="1.0" encoding="UTF-8"?>
<!-- Generated by org.testng.reporters.JUnitReportReporter -->
<testsuite hostname="PuRnEnDu" failures="0" tests="1" name="org.CreateOrgdWithIndTest" time="0.003" errors="0" timestamp="30 Dec 2021 11:13:35 GMT" skipped="0">
  <testcase classname="org.CreateOrgdWithIndTest" name="createOrgWithInd" time="0.003"/>
</testsuite> <!-- org.CreateOrgdWithIndTest -->
