<?xml version="1.0" encoding="UTF-8"?>
<!-- Generated by org.testng.reporters.JUnitReportReporter -->
<testsuite hostname="PuRnEnDu" failures="0" tests="1" name="maven.ParameterTest" time="13.667" errors="0" timestamp="30 Dec 2021 12:28:47 GMT" skipped="0">
  <testcase classname="maven.ParameterTest" name="Test1" time="13.667"/>
</testsuite> <!-- maven.ParameterTest -->
