<?xml version="1.0" encoding="UTF-8"?>
<!-- Generated by org.testng.reporters.JUnitReportReporter -->
<testsuite hostname="PuRnEnDu" failures="0" tests="1" name="org.CreateOrgTest" time="0.016" errors="0" timestamp="30 Dec 2021 11:54:24 GMT" skipped="0">
  <testcase classname="org.CreateOrgTest" name="createOrg" time="0.016"/>
</testsuite> <!-- org.CreateOrgTest -->
