<?xml version="1.0" encoding="UTF-8"?>
<!-- Generated by org.testng.reporters.JUnitReportReporter -->
<testsuite hostname="PuRnEnDu" failures="0" tests="1" name="cont.CreatecontWithOrgTest" time="0.008" errors="0" timestamp="30 Dec 2021 11:13:35 GMT" skipped="0">
  <testcase classname="cont.CreatecontWithOrgTest" name="createcontWithOrg" time="0.008"/>
</testsuite> <!-- cont.CreatecontWithOrgTest -->
